\BOOKMARK [0][-]{section*.2}{Contents}{}% 1
\BOOKMARK [0][-]{chapter.1}{Introduction}{}% 2
\BOOKMARK [1][-]{section.1.1}{Motivation}{chapter.1}% 3
\BOOKMARK [1][-]{section.1.2}{Outline}{chapter.1}% 4
\BOOKMARK [0][-]{chapter.2}{Theory and Scope}{}% 5
\BOOKMARK [1][-]{section.2.1}{Visual Perspectives}{chapter.2}% 6
\BOOKMARK [1][-]{section.2.2}{Motor Learning}{chapter.2}% 7
\BOOKMARK [1][-]{section.2.3}{Mixed Reality}{chapter.2}% 8
\BOOKMARK [1][-]{section.2.4}{Conclusion}{chapter.2}% 9
\BOOKMARK [0][-]{chapter.3}{Related Work}{}% 10
\BOOKMARK [1][-]{section.3.1}{Implemented Visual Perspective}{chapter.3}% 11
\BOOKMARK [1][-]{section.3.2}{Study task}{chapter.3}% 12
\BOOKMARK [1][-]{section.3.3}{Guidance visualisation}{chapter.3}% 13
\BOOKMARK [1][-]{section.3.4}{Dependent variables}{chapter.3}% 14
\BOOKMARK [1][-]{section.3.5}{Results}{chapter.3}% 15
\BOOKMARK [1][-]{section.3.6}{conclusion}{chapter.3}% 16
\BOOKMARK [0][-]{chapter.4}{Proposed Study Design}{}% 17
\BOOKMARK [1][-]{section.4.1}{Setup}{chapter.4}% 18
\BOOKMARK [1][-]{section.4.2}{Procedure}{chapter.4}% 19
\BOOKMARK [0][-]{chapter.5}{Outlook}{}% 20
\BOOKMARK [0][-]{chapter*.15}{Bibliography}{}% 21
\BOOKMARK [0][-]{section*.16}{List of Figures}{}% 22
\BOOKMARK [0][-]{section*.17}{List of Tables}{}% 23
